# JRE version: Java(TM) SE Runtime Environment (8.0_201-b09) (build 1.8.0_201-b09)
# Java VM: Java HotSpot(TM) 64-Bit Server VM (25.201-b09 mixed mode linux-amd64 compressed oops)
Heap:
 PSYoungGen      total 187392K, used 177407K [0x00000000d7200000, 0x00000000e6b00000, 0x0000000100000000)
  eden space 159232K, 100% used [0x00000000d7200000,0x00000000e0d80000,0x00000000e0d80000)
  from space 28160K, 64% used [0x00000000e0d80000,0x00000000e1f3fea8,0x00000000e2900000)
  to   space 28672K, 15% used [0x00000000e4f00000,0x00000000e5354030,0x00000000e6b00000)
 ParOldGen       total 132096K, used 43703K [0x0000000085600000, 0x000000008d700000, 0x00000000d7200000)
  object space 132096K, 33% used [0x0000000085600000,0x00000000880ade90,0x000000008d700000)
 Metaspace       used 50472K, capacity 52994K, committed 53120K, reserved 1095680K
  class space    used 6583K, capacity 7039K, committed 7040K, reserved 1048576K
GC Heap History (10 events):
Event: 4,070 GC heap after
Heap after GC invocations=9 (full 1):
 PSYoungGen      total 136704K, used 12263K [0x00000000d7200000, 0x00000000e4b00000, 0x0000000100000000)
  eden space 124416K, 0% used [0x00000000d7200000,0x00000000d7200000,0x00000000deb80000)
  from space 12288K, 99% used [0x00000000dfe80000,0x00000000e0a79ff0,0x00000000e0a80000)
  to   space 19456K, 0% used [0x00000000deb80000,0x00000000deb80000,0x00000000dfe80000)
 ParOldGen       total 61440K, used 25766K [0x0000000085600000, 0x0000000089200000, 0x00000000d7200000)
  object space 61440K, 41% used [0x0000000085600000,0x0000000086f29a70,0x0000000089200000)
 Metaspace       used 28591K, capacity 29882K, committed 30080K, reserved 1075200K
  class space    used 3607K, capacity 3847K, committed 3968K, reserved 1048576K
}
Event: 4,560 GC heap before
{Heap before GC invocations=10 (full 1):
 PSYoungGen      total 136704K, used 132348K [0x00000000d7200000, 0x00000000e4b00000, 0x0000000100000000)
  eden space 124416K, 96% used [0x00000000d7200000,0x00000000de745200,0x00000000deb80000)
  from space 12288K, 99% used [0x00000000dfe80000,0x00000000e0a79ff0,0x00000000e0a80000)
  to   space 19456K, 0% used [0x00000000deb80000,0x00000000deb80000,0x00000000dfe80000)
 ParOldGen       total 61440K, used 25766K [0x0000000085600000, 0x0000000089200000, 0x00000000d7200000)
  object space 61440K, 41% used [0x0000000085600000,0x0000000086f29a70,0x0000000089200000)
 Metaspace       used 34080K, capacity 35354K, committed 35416K, reserved 1079296K
  class space    used 4605K, capacity 4839K, committed 4864K, reserved 1048576K
Event: 4,582 GC heap after
Heap after GC invocations=10 (full 1):
 PSYoungGen      total 143872K, used 19440K [0x00000000d7200000, 0x00000000e4b00000, 0x0000000100000000)
  eden space 124416K, 0% used [0x00000000d7200000,0x00000000d7200000,0x00000000deb80000)
  from space 19456K, 99% used [0x00000000deb80000,0x00000000dfe7c2b8,0x00000000dfe80000)
  to   space 29184K, 0% used [0x00000000e2e80000,0x00000000e2e80000,0x00000000e4b00000)
 ParOldGen       total 61440K, used 42545K [0x0000000085600000, 0x0000000089200000, 0x00000000d7200000)
  object space 61440K, 69% used [0x0000000085600000,0x0000000087f8c7f0,0x0000000089200000)
 Metaspace       used 34080K, capacity 35354K, committed 35416K, reserved 1079296K
  class space    used 4605K, capacity 4839K, committed 4864K, reserved 1048576K
}
Event: 4,582 GC heap before
{Heap before GC invocations=11 (full 2):
 PSYoungGen      total 143872K, used 19440K [0x00000000d7200000, 0x00000000e4b00000, 0x0000000100000000)
  eden space 124416K, 0% used [0x00000000d7200000,0x00000000d7200000,0x00000000deb80000)
  from space 19456K, 99% used [0x00000000deb80000,0x00000000dfe7c2b8,0x00000000dfe80000)
  to   space 29184K, 0% used [0x00000000e2e80000,0x00000000e2e80000,0x00000000e4b00000)
 ParOldGen       total 61440K, used 42545K [0x0000000085600000, 0x0000000089200000, 0x00000000d7200000)
  object space 61440K, 69% used [0x0000000085600000,0x0000000087f8c7f0,0x0000000089200000)
 Metaspace       used 34080K, capacity 35354K, committed 35416K, reserved 1079296K
  class space    used 4605K, capacity 4839K, committed 4864K, reserved 1048576K
Event: 4,659 GC heap after
Heap after GC invocations=11 (full 2):
 PSYoungGen      total 143872K, used 0K [0x00000000d7200000, 0x00000000e4b00000, 0x0000000100000000)
  eden space 124416K, 0% used [0x00000000d7200000,0x00000000d7200000,0x00000000deb80000)
  from space 19456K, 0% used [0x00000000deb80000,0x00000000deb80000,0x00000000dfe80000)
  to   space 29184K, 0% used [0x00000000e2e80000,0x00000000e2e80000,0x00000000e4b00000)
 ParOldGen       total 132096K, used 43687K [0x0000000085600000, 0x000000008d700000, 0x00000000d7200000)
  object space 132096K, 33% used [0x0000000085600000,0x00000000880a9e90,0x000000008d700000)
 Metaspace       used 34076K, capacity 35348K, committed 35416K, reserved 1079296K
  class space    used 4605K, capacity 4838K, committed 4864K, reserved 1048576K
}
Event: 5,592 GC heap before
{Heap before GC invocations=12 (full 2):
 PSYoungGen      total 143872K, used 124416K [0x00000000d7200000, 0x00000000e4b00000, 0x0000000100000000)
  eden space 124416K, 100% used [0x00000000d7200000,0x00000000deb80000,0x00000000deb80000)
  from space 19456K, 0% used [0x00000000deb80000,0x00000000deb80000,0x00000000dfe80000)
  to   space 29184K, 0% used [0x00000000e2e80000,0x00000000e2e80000,0x00000000e4b00000)
 ParOldGen       total 132096K, used 43687K [0x0000000085600000, 0x000000008d700000, 0x00000000d7200000)
  object space 132096K, 33% used [0x0000000085600000,0x00000000880a9e90,0x000000008d700000)
 Metaspace       used 41265K, capacity 42610K, committed 42752K, reserved 1085440K
  class space    used 5549K, capacity 5803K, committed 5888K, reserved 1048576K
Event: 5,601 GC heap after
Heap after GC invocations=12 (full 2):
 PSYoungGen      total 181760K, used 8609K [0x00000000d7200000, 0x00000000e4480000, 0x0000000100000000)
  eden space 159232K, 0% used [0x00000000d7200000,0x00000000d7200000,0x00000000e0d80000)
  from space 22528K, 38% used [0x00000000e2e80000,0x00000000e36e8750,0x00000000e4480000)
  to   space 28160K, 0% used [0x00000000e0d80000,0x00000000e0d80000,0x00000000e2900000)
 ParOldGen       total 132096K, used 43695K [0x0000000085600000, 0x000000008d700000, 0x00000000d7200000)
  object space 132096K, 33% used [0x0000000085600000,0x00000000880abe90,0x000000008d700000)
 Metaspace       used 41265K, capacity 42610K, committed 42752K, reserved 1085440K
  class space    used 5549K, capacity 5803K, committed 5888K, reserved 1048576K
}
Event: 21,663 GC heap before
{Heap before GC invocations=13 (full 2):
 PSYoungGen      total 181760K, used 167841K [0x00000000d7200000, 0x00000000e4480000, 0x0000000100000000)
  eden space 159232K, 100% used [0x00000000d7200000,0x00000000e0d80000,0x00000000e0d80000)
  from space 22528K, 38% used [0x00000000e2e80000,0x00000000e36e8750,0x00000000e4480000)
  to   space 28160K, 0% used [0x00000000e0d80000,0x00000000e0d80000,0x00000000e2900000)
 ParOldGen       total 132096K, used 43695K [0x0000000085600000, 0x000000008d700000, 0x00000000d7200000)
  object space 132096K, 33% used [0x0000000085600000,0x00000000880abe90,0x000000008d700000)
 Metaspace       used 47784K, capacity 49574K, committed 49664K, reserved 1091584K
  class space    used 6303K, capacity 6655K, committed 6656K, reserved 1048576K
Event: 21,693 GC heap after
Heap after GC invocations=13 (full 2):
 PSYoungGen      total 187392K, used 18175K [0x00000000d7200000, 0x00000000e6b00000, 0x0000000100000000)
  eden space 159232K, 0% used [0x00000000d7200000,0x00000000d7200000,0x00000000e0d80000)
  from space 28160K, 64% used [0x00000000e0d80000,0x00000000e1f3fea8,0x00000000e2900000)
  to   space 28672K, 0% used [0x00000000e4f00000,0x00000000e4f00000,0x00000000e6b00000)
 ParOldGen       total 132096K, used 43703K [0x0000000085600000, 0x000000008d700000, 0x00000000d7200000)
  object space 132096K, 33% used [0x0000000085600000,0x00000000880ade90,0x000000008d700000)
 Metaspace       used 47784K, capacity 49574K, committed 49664K, reserved 1091584K
  class space    used 6303K, capacity 6655K, committed 6656K, reserved 1048576K
}
Event: 944,853 GC heap before
{Heap before GC invocations=14 (full 2):
 PSYoungGen      total 187392K, used 177407K [0x00000000d7200000, 0x00000000e6b00000, 0x0000000100000000)
  eden space 159232K, 100% used [0x00000000d7200000,0x00000000e0d80000,0x00000000e0d80000)
  from space 28160K, 64% used [0x00000000e0d80000,0x00000000e1f3fea8,0x00000000e2900000)
  to   space 28672K, 0% used [0x00000000e4f00000,0x00000000e4f00000,0x00000000e6b00000)
 ParOldGen       total 132096K, used 43703K [0x0000000085600000, 0x000000008d700000, 0x00000000d7200000)
  object space 132096K, 33% used [0x0000000085600000,0x00000000880ade90,0x000000008d700000)
 Metaspace       used 50472K, capacity 52994K, committed 53120K, reserved 1095680K
  class space    used 6583K, capacity 7039K, committed 7040K, reserved 1048576K

