# JRE version: Java(TM) SE Runtime Environment (8.0_201-b09) (build 1.8.0_201-b09)
# Java VM: Java HotSpot(TM) 64-Bit Server VM (25.201-b09 mixed mode linux-amd64 compressed oops)
Heap:
 PSYoungGen      total 88064K, used 84215K [0x00000000d7200000, 0x00000000dd300000, 0x0000000100000000)
  eden space 87552K, 96% used [0x00000000d7200000,0x00000000dc425c20,0x00000000dc780000)
  from space 512K, 18% used [0x00000000dd280000,0x00000000dd298000,0x00000000dd300000)
  to   space 3584K, 0% used [0x00000000dcc00000,0x00000000dcc00000,0x00000000dcf80000)
 ParOldGen       total 137728K, used 40429K [0x0000000085600000, 0x000000008dc80000, 0x00000000d7200000)
  object space 137728K, 29% used [0x0000000085600000,0x0000000087d7b730,0x000000008dc80000)
 Metaspace       used 58961K, capacity 61486K, committed 61568K, reserved 1103872K
  class space    used 7585K, capacity 8032K, committed 8064K, reserved 1048576K
GC Heap History (10 events):
Event: 35967,474 GC heap before
{Heap before GC invocations=53 (full 3):
 PSYoungGen      total 103936K, used 98400K [0x00000000d7200000, 0x00000000ddf00000, 0x0000000100000000)
  eden space 98304K, 100% used [0x00000000d7200000,0x00000000dd200000,0x00000000dd200000)
  from space 5632K, 1% used [0x00000000dd480000,0x00000000dd498000,0x00000000dda00000)
  to   space 5120K, 0% used [0x00000000dda00000,0x00000000dda00000,0x00000000ddf00000)
 ParOldGen       total 137728K, used 40429K [0x0000000085600000, 0x000000008dc80000, 0x00000000d7200000)
  object space 137728K, 29% used [0x0000000085600000,0x0000000087d7b730,0x000000008dc80000)
 Metaspace       used 58917K, capacity 61372K, committed 61568K, reserved 1103872K
  class space    used 7579K, capacity 7996K, committed 8064K, reserved 1048576K
Event: 35967,477 GC heap after
Heap after GC invocations=53 (full 3):
 PSYoungGen      total 96256K, used 64K [0x00000000d7200000, 0x00000000dda80000, 0x0000000100000000)
  eden space 95744K, 0% used [0x00000000d7200000,0x00000000d7200000,0x00000000dcf80000)
  from space 512K, 12% used [0x00000000dda00000,0x00000000dda10000,0x00000000dda80000)
  to   space 4608K, 0% used [0x00000000dd180000,0x00000000dd180000,0x00000000dd600000)
 ParOldGen       total 137728K, used 40429K [0x0000000085600000, 0x000000008dc80000, 0x00000000d7200000)
  object space 137728K, 29% used [0x0000000085600000,0x0000000087d7b730,0x000000008dc80000)
 Metaspace       used 58917K, capacity 61372K, committed 61568K, reserved 1103872K
  class space    used 7579K, capacity 7996K, committed 8064K, reserved 1048576K
}
Event: 36485,921 GC heap before
{Heap before GC invocations=54 (full 3):
 PSYoungGen      total 96256K, used 95808K [0x00000000d7200000, 0x00000000dda80000, 0x0000000100000000)
  eden space 95744K, 100% used [0x00000000d7200000,0x00000000dcf80000,0x00000000dcf80000)
  from space 512K, 12% used [0x00000000dda00000,0x00000000dda10000,0x00000000dda80000)
  to   space 4608K, 0% used [0x00000000dd180000,0x00000000dd180000,0x00000000dd600000)
 ParOldGen       total 137728K, used 40429K [0x0000000085600000, 0x000000008dc80000, 0x00000000d7200000)
  object space 137728K, 29% used [0x0000000085600000,0x0000000087d7b730,0x000000008dc80000)
 Metaspace       used 58917K, capacity 61372K, committed 61568K, reserved 1103872K
  class space    used 7579K, capacity 7996K, committed 8064K, reserved 1048576K
Event: 36485,923 GC heap after
Heap after GC invocations=54 (full 3):
 PSYoungGen      total 98304K, used 96K [0x00000000d7200000, 0x00000000dda80000, 0x0000000100000000)
  eden space 93696K, 0% used [0x00000000d7200000,0x00000000d7200000,0x00000000dcd80000)
  from space 4608K, 2% used [0x00000000dd180000,0x00000000dd198000,0x00000000dd600000)
  to   space 4608K, 0% used [0x00000000dd600000,0x00000000dd600000,0x00000000dda80000)
 ParOldGen       total 137728K, used 40429K [0x0000000085600000, 0x000000008dc80000, 0x00000000d7200000)
  object space 137728K, 29% used [0x0000000085600000,0x0000000087d7b730,0x000000008dc80000)
 Metaspace       used 58917K, capacity 61372K, committed 61568K, reserved 1103872K
  class space    used 7579K, capacity 7996K, committed 8064K, reserved 1048576K
}
Event: 36993,635 GC heap before
{Heap before GC invocations=55 (full 3):
 PSYoungGen      total 98304K, used 93792K [0x00000000d7200000, 0x00000000dda80000, 0x0000000100000000)
  eden space 93696K, 100% used [0x00000000d7200000,0x00000000dcd80000,0x00000000dcd80000)
  from space 4608K, 2% used [0x00000000dd180000,0x00000000dd198000,0x00000000dd600000)
  to   space 4608K, 0% used [0x00000000dd600000,0x00000000dd600000,0x00000000dda80000)
 ParOldGen       total 137728K, used 40429K [0x0000000085600000, 0x000000008dc80000, 0x00000000d7200000)
  object space 137728K, 29% used [0x0000000085600000,0x0000000087d7b730,0x000000008dc80000)
 Metaspace       used 58917K, capacity 61372K, committed 61568K, reserved 1103872K
  class space    used 7579K, capacity 7996K, committed 8064K, reserved 1048576K
Event: 36993,638 GC heap after
Heap after GC invocations=55 (full 3):
 PSYoungGen      total 92160K, used 96K [0x00000000d7200000, 0x00000000dd680000, 0x0000000100000000)
  eden space 91648K, 0% used [0x00000000d7200000,0x00000000d7200000,0x00000000dcb80000)
  from space 512K, 18% used [0x00000000dd600000,0x00000000dd618000,0x00000000dd680000)
  to   space 4096K, 0% used [0x00000000dce80000,0x00000000dce80000,0x00000000dd280000)
 ParOldGen       total 137728K, used 40429K [0x0000000085600000, 0x000000008dc80000, 0x00000000d7200000)
  object space 137728K, 29% used [0x0000000085600000,0x0000000087d7b730,0x000000008dc80000)
 Metaspace       used 58917K, capacity 61372K, committed 61568K, reserved 1103872K
  class space    used 7579K, capacity 7996K, committed 8064K, reserved 1048576K
}
Event: 37490,635 GC heap before
{Heap before GC invocations=56 (full 3):
 PSYoungGen      total 92160K, used 91744K [0x00000000d7200000, 0x00000000dd680000, 0x0000000100000000)
  eden space 91648K, 100% used [0x00000000d7200000,0x00000000dcb80000,0x00000000dcb80000)
  from space 512K, 18% used [0x00000000dd600000,0x00000000dd618000,0x00000000dd680000)
  to   space 4096K, 0% used [0x00000000dce80000,0x00000000dce80000,0x00000000dd280000)
 ParOldGen       total 137728K, used 40429K [0x0000000085600000, 0x000000008dc80000, 0x00000000d7200000)
  object space 137728K, 29% used [0x0000000085600000,0x0000000087d7b730,0x000000008dc80000)
 Metaspace       used 58917K, capacity 61372K, committed 61568K, reserved 1103872K
  class space    used 7579K, capacity 7996K, committed 8064K, reserved 1048576K
Event: 37490,638 GC heap after
Heap after GC invocations=56 (full 3):
 PSYoungGen      total 93696K, used 96K [0x00000000d7200000, 0x00000000dd680000, 0x0000000100000000)
  eden space 89600K, 0% used [0x00000000d7200000,0x00000000d7200000,0x00000000dc980000)
  from space 4096K, 2% used [0x00000000dce80000,0x00000000dce98000,0x00000000dd280000)
  to   space 4096K, 0% used [0x00000000dd280000,0x00000000dd280000,0x00000000dd680000)
 ParOldGen       total 137728K, used 40429K [0x0000000085600000, 0x000000008dc80000, 0x00000000d7200000)
  object space 137728K, 29% used [0x0000000085600000,0x0000000087d7b730,0x000000008dc80000)
 Metaspace       used 58917K, capacity 61372K, committed 61568K, reserved 1103872K
  class space    used 7579K, capacity 7996K, committed 8064K, reserved 1048576K
}
Event: 37976,605 GC heap before
{Heap before GC invocations=57 (full 3):
 PSYoungGen      total 93696K, used 89696K [0x00000000d7200000, 0x00000000dd680000, 0x0000000100000000)
  eden space 89600K, 100% used [0x00000000d7200000,0x00000000dc980000,0x00000000dc980000)
  from space 4096K, 2% used [0x00000000dce80000,0x00000000dce98000,0x00000000dd280000)
  to   space 4096K, 0% used [0x00000000dd280000,0x00000000dd280000,0x00000000dd680000)
 ParOldGen       total 137728K, used 40429K [0x0000000085600000, 0x000000008dc80000, 0x00000000d7200000)
  object space 137728K, 29% used [0x0000000085600000,0x0000000087d7b730,0x000000008dc80000)
 Metaspace       used 58917K, capacity 61372K, committed 61568K, reserved 1103872K
  class space    used 7579K, capacity 7996K, committed 8064K, reserved 1048576K
Event: 37976,608 GC heap after
Heap after GC invocations=57 (full 3):
 PSYoungGen      total 88064K, used 96K [0x00000000d7200000, 0x00000000dd300000, 0x0000000100000000)
  eden space 87552K, 0% used [0x00000000d7200000,0x00000000d7200000,0x00000000dc780000)
  from space 512K, 18% used [0x00000000dd280000,0x00000000dd298000,0x00000000dd300000)
  to   space 3584K, 0% used [0x00000000dcc00000,0x00000000dcc00000,0x00000000dcf80000)
 ParOldGen       total 137728K, used 40429K [0x0000000085600000, 0x000000008dc80000, 0x00000000d7200000)
  object space 137728K, 29% used [0x0000000085600000,0x0000000087d7b730,0x000000008dc80000)
 Metaspace       used 58917K, capacity 61372K, committed 61568K, reserved 1103872K
  class space    used 7579K, capacity 7996K, committed 8064K, reserved 1048576K
}

